15:23:02: Creating resource group General
15:23:02: Creating resource group Internal
15:23:02: Creating resource group Autodetect
15:23:02: SceneManagerFactory for type 'DefaultSceneManager' registered.
15:23:02: Registering ResourceManager for type Material
15:23:02: Registering ResourceManager for type Mesh
15:23:02: Registering ResourceManager for type Skeleton
15:23:02: MovableObjectFactory for type 'ParticleSystem' registered.
15:23:02: OverlayElementFactory for type Panel registered.
15:23:02: OverlayElementFactory for type BorderPanel registered.
15:23:02: OverlayElementFactory for type TextArea registered.
15:23:02: Registering ResourceManager for type Font
15:23:02: ArchiveFactory for archive type FileSystem registered.
15:23:02: ArchiveFactory for archive type Zip registered.
15:23:02: ArchiveFactory for archive type EmbeddedZip registered.
15:23:02: DDS codec registering
15:23:02: FreeImage version: 3.15.1
15:23:02: This program uses FreeImage, a free, open source image library supporting all common bitmap formats. See http://freeimage.sourceforge.net for details
15:23:02: Supported formats: bmp,ico,jpg,jif,jpeg,jpe,jng,koa,iff,lbm,mng,pbm,pbm,pcd,pcx,pgm,pgm,png,ppm,ppm,ras,tga,targa,tif,tiff,wap,wbmp,wbm,psd,cut,xbm,xpm,gif,hdr,g3,sgi,exr,j2k,j2c,jp2,pfm,pct,pict,pic,3fr,arw,bay,bmq,cap,cine,cr2,crw,cs1,dc2,dcr,drf,dsc,dng,erf,fff,ia,iiq,k25,kc2,kdc,mdc,mef,mos,mrw,nef,nrw,orf,pef,ptx,pxn,qtk,raf,raw,rdc,rw2,rwl,rwz,sr2,srf,sti
15:23:02: Registering ResourceManager for type HighLevelGpuProgram
15:23:02: Registering ResourceManager for type Compositor
15:23:02: MovableObjectFactory for type 'Entity' registered.
15:23:02: MovableObjectFactory for type 'Light' registered.
15:23:02: MovableObjectFactory for type 'BillboardSet' registered.
15:23:02: MovableObjectFactory for type 'ManualObject' registered.
15:23:02: MovableObjectFactory for type 'BillboardChain' registered.
15:23:02: MovableObjectFactory for type 'RibbonTrail' registered.
15:23:02: Loading library /usr/local/lib/OGRE/RenderSystem_GL
15:23:02: Installing plugin: GL RenderSystem
15:23:02: OpenGL Rendering Subsystem created.
15:23:02: Plugin successfully installed
15:23:02: Loading library /usr/local/lib/OGRE/Plugin_ParticleFX
15:23:02: Installing plugin: ParticleFX
15:23:02: Particle Emitter Type 'Point' registered
15:23:02: Particle Emitter Type 'Box' registered
15:23:02: Particle Emitter Type 'Ellipsoid' registered
15:23:02: Particle Emitter Type 'Cylinder' registered
15:23:02: Particle Emitter Type 'Ring' registered
15:23:02: Particle Emitter Type 'HollowEllipsoid' registered
15:23:02: Particle Affector Type 'LinearForce' registered
15:23:02: Particle Affector Type 'ColourFader' registered
15:23:02: Particle Affector Type 'ColourFader2' registered
15:23:02: Particle Affector Type 'ColourImage' registered
15:23:02: Particle Affector Type 'ColourInterpolator' registered
15:23:02: Particle Affector Type 'Scaler' registered
15:23:02: Particle Affector Type 'Rotator' registered
15:23:02: Particle Affector Type 'DirectionRandomiser' registered
15:23:02: Particle Affector Type 'DeflectorPlane' registered
15:23:02: Plugin successfully installed
15:23:02: Loading library /usr/local/lib/OGRE/Plugin_BSPSceneManager
15:23:02: Installing plugin: BSP Scene Manager
15:23:02: Plugin successfully installed
15:23:02: Loading library /usr/local/lib/OGRE/Plugin_CgProgramManager
15:23:02: Installing plugin: Cg Program Manager
15:23:02: Plugin successfully installed
15:23:02: Loading library /usr/local/lib/OGRE/Plugin_PCZSceneManager
15:23:02: Installing plugin: Portal Connected Zone Scene Manager
15:23:02: PCZone Factory Type 'ZoneType_Default' registered
15:23:02: Plugin successfully installed
15:23:02: Loading library /usr/local/lib/OGRE/Plugin_OctreeZone
15:23:02: Installing plugin: Octree Zone Factory
15:23:02: Plugin successfully installed
15:23:02: Loading library /usr/local/lib/OGRE/Plugin_OctreeSceneManager
15:23:02: Installing plugin: Octree Scene Manager
15:23:02: Plugin successfully installed
15:23:02: *-*-* OGRE Initialising
15:23:02: *-*-* Version 1.8.1 (Byatis)
15:23:10: CPU Identifier & Features
15:23:10: -------------------------
15:23:10:  *   CPU ID: AuthenticAMD: AMD Athlon(tm) Dual Core Processor 4850e
15:23:10:  *      SSE: yes
15:23:10:  *     SSE2: yes
15:23:10:  *     SSE3: yes
15:23:10:  *      MMX: yes
15:23:10:  *   MMXEXT: yes
15:23:10:  *    3DNOW: yes
15:23:10:  * 3DNOWEXT: yes
15:23:10:  *     CMOV: yes
15:23:10:  *      TSC: yes
15:23:10:  *      FPU: yes
15:23:10:  *      PRO: yes
15:23:10:  *       HT: no
15:23:10: -------------------------
15:23:10: ******************************
*** Starting GLX Subsystem ***
******************************
15:23:10: Registering ResourceManager for type Texture
15:23:10: GLRenderSystem::_createRenderWindow "AdvancedAdvancedOgreFramework", 1024x768 windowed  miscParams: FSAA=0 displayFrequency=60 Hz gamma=No vsync=No 
15:23:10: GLXWindow::create used FBConfigID = 151
15:23:10: GL_VERSION = 2.1 Mesa 8.0.4
15:23:10: GL_VENDOR = X.Org
15:23:10: GL_RENDERER = Gallium 0.4 on AMD RS780
15:23:10: GL_EXTENSIONS = GL_ARB_multisample GL_EXT_abgr GL_EXT_bgra GL_EXT_blend_color GL_EXT_blend_minmax GL_EXT_blend_subtract GL_EXT_copy_texture GL_EXT_polygon_offset GL_EXT_subtexture GL_EXT_texture_object GL_EXT_vertex_array GL_EXT_compiled_vertex_array GL_EXT_texture GL_EXT_texture3D GL_IBM_rasterpos_clip GL_ARB_point_parameters GL_EXT_draw_range_elements GL_EXT_packed_pixels GL_EXT_point_parameters GL_EXT_rescale_normal GL_EXT_separate_specular_color GL_EXT_texture_edge_clamp GL_SGIS_generate_mipmap GL_SGIS_texture_border_clamp GL_SGIS_texture_edge_clamp GL_SGIS_texture_lod GL_ARB_framebuffer_sRGB GL_ARB_multitexture GL_EXT_framebuffer_sRGB GL_IBM_multimode_draw_arrays GL_IBM_texture_mirrored_repeat GL_ARB_texture_cube_map GL_ARB_texture_env_add GL_ARB_transpose_matrix GL_EXT_blend_func_separate GL_EXT_fog_coord GL_EXT_multi_draw_arrays GL_EXT_secondary_color GL_EXT_texture_env_add GL_EXT_texture_filter_anisotropic GL_EXT_texture_lod_bias GL_INGR_blend_func_separate GL_NV_blend_square GL_NV_light_max_exponent GL_NV_texgen_reflection GL_NV_texture_env_combine4 GL_SUN_multi_draw_arrays GL_ARB_texture_border_clamp GL_ARB_texture_compression GL_EXT_framebuffer_object GL_EXT_texture_env_combine GL_EXT_texture_env_dot3 GL_MESA_window_pos GL_NV_packed_depth_stencil GL_NV_texture_rectangle GL_ARB_depth_texture GL_ARB_occlusion_query GL_ARB_shadow GL_ARB_texture_env_combine GL_ARB_texture_env_crossbar GL_ARB_texture_env_dot3 GL_ARB_texture_mirrored_repeat GL_ARB_window_pos GL_EXT_stencil_two_side GL_EXT_texture_cube_map GL_NV_depth_clamp GL_NV_fog_distance GL_APPLE_packed_pixels GL_APPLE_vertex_array_object GL_ARB_draw_buffers GL_ARB_fragment_program GL_ARB_fragment_shader GL_ARB_shader_objects GL_ARB_vertex_program GL_ARB_vertex_shader GL_ATI_draw_buffers GL_ATI_texture_env_combine3 GL_ATI_texture_float GL_EXT_shadow_funcs GL_EXT_stencil_wrap GL_MESA_pack_invert GL_NV_primitive_restart GL_ARB_depth_clamp GL_ARB_fragment_program_shadow GL_ARB_half_float_pixel GL_ARB_occlusion_query2 GL_ARB_point_sprite GL_ARB_shading_language_100 GL_ARB_sync GL_ARB_texture_non_power_of_two GL_ARB_vertex_buffer_object GL_ATI_blend_equation_separate GL_EXT_blend_equation_separate GL_OES_read_format GL_ARB_color_buffer_float GL_ARB_pixel_buffer_object GL_ARB_texture_compression_rgtc GL_ARB_texture_float GL_ARB_texture_rectangle GL_ATI_texture_compression_3dc GL_EXT_packed_float GL_EXT_pixel_buffer_object GL_EXT_texture_compression_rgtc GL_EXT_texture_mirror_clamp GL_EXT_texture_rectangle GL_EXT_texture_sRGB GL_EXT_texture_shared_exponent GL_ARB_framebuffer_object GL_EXT_framebuffer_blit GL_EXT_framebuffer_multisample GL_EXT_packed_depth_stencil GL_ARB_vertex_array_object GL_ATI_separate_stencil GL_ATI_texture_mirror_once GL_EXT_draw_buffers2 GL_EXT_gpu_program_parameters GL_EXT_texture_array GL_EXT_texture_compression_latc GL_EXT_texture_sRGB_decode GL_EXT_timer_query GL_OES_EGL_image GL_MESA_texture_array GL_ARB_copy_buffer GL_ARB_depth_buffer_float GL_ARB_half_float_vertex GL_ARB_instanced_arrays GL_ARB_map_buffer_range GL_ARB_texture_rg GL_ARB_texture_swizzle GL_ARB_vertex_array_bgra GL_EXT_separate_shader_objects GL_EXT_texture_swizzle GL_EXT_vertex_array_bgra GL_NV_conditional_render GL_AMD_draw_buffers_blend GL_AMD_shader_stencil_export GL_ARB_ES2_compatibility GL_ARB_draw_buffers_blend GL_ARB_draw_elements_base_vertex GL_ARB_explicit_attrib_location GL_ARB_fragment_coord_conventions GL_ARB_provoking_vertex GL_ARB_sampler_objects GL_ARB_seamless_cube_map GL_ARB_shader_stencil_export GL_ARB_shader_texture_lod GL_ARB_texture_rgb10_a2ui GL_ARB_vertex_type_2_10_10_10_rev GL_EXT_provoking_vertex GL_EXT_texture_snorm GL_MESA_texture_signed_rgba GL_NV_texture_barrier GL_ARB_robustness GL_ARB_texture_storage 
15:23:10: Supported GLX extensions: GLX_ARB_get_proc_address GLX_ARB_multisample GLX_EXT_import_context GLX_EXT_visual_info GLX_EXT_visual_rating GLX_MESA_copy_sub_buffer GLX_MESA_multithread_makecurrent GLX_MESA_swap_control GLX_OML_swap_method GLX_OML_sync_control GLX_SGI_make_current_read GLX_SGI_swap_control GLX_SGI_video_sync GLX_SGIS_multisample GLX_SGIX_fbconfig GLX_SGIX_pbuffer GLX_SGIX_visual_select_group GLX_EXT_texture_from_pixmap 
15:23:10: ***************************
15:23:10: *** GL Renderer Started ***
15:23:10: ***************************
15:23:10: Registering ResourceManager for type GpuProgram
15:23:10: GLSL support detected
15:23:10: GL: Using GL_EXT_framebuffer_object for rendering to textures (best)
15:23:10: FBO PF_UNKNOWN depth/stencil support: D0S1 D0S4 D0S8 D0S16 D16S0 D24S0 D32S0 Packed-D24S8 
15:23:10: FBO PF_L8 depth/stencil support: D0S0 D0S1 D0S4 D0S8 D0S16 D16S0 D24S0 D32S0 Packed-D24S8 
15:23:10: FBO PF_A8 depth/stencil support: D0S0 D0S1 D0S4 D0S8 D0S16 D16S0 D24S0 D32S0 Packed-D24S8 
15:23:10: FBO PF_A4L4 depth/stencil support: D0S0 D0S1 D0S4 D0S8 D0S16 D16S0 D24S0 D32S0 Packed-D24S8 
15:23:10: FBO PF_BYTE_LA depth/stencil support: D0S0 D0S1 D0S4 D0S8 D0S16 D16S0 D24S0 D32S0 Packed-D24S8 
15:23:10: FBO PF_R5G6B5 depth/stencil support: D0S0 D0S1 D0S4 D0S8 D0S16 D16S0 D24S0 D32S0 Packed-D24S8 
15:23:10: FBO PF_B5G6R5 depth/stencil support: D0S0 D0S1 D0S4 D0S8 D0S16 D16S0 D24S0 D32S0 Packed-D24S8 
15:23:10: FBO PF_A4R4G4B4 depth/stencil support: D0S0 D0S1 D0S4 D0S8 D0S16 D16S0 D24S0 D32S0 Packed-D24S8 
15:23:10: FBO PF_A1R5G5B5 depth/stencil support: D0S0 D0S1 D0S4 D0S8 D0S16 D16S0 D24S0 D32S0 Packed-D24S8 
15:23:10: FBO PF_R8G8B8 depth/stencil support: D0S0 D0S1 D0S4 D0S8 D0S16 D16S0 D24S0 D32S0 Packed-D24S8 
15:23:10: FBO PF_B8G8R8 depth/stencil support: D0S0 D0S1 D0S4 D0S8 D0S16 D16S0 D24S0 D32S0 Packed-D24S8 
15:23:10: FBO PF_A8R8G8B8 depth/stencil support: D0S0 D0S1 D0S4 D0S8 D0S16 D16S0 D24S0 D32S0 Packed-D24S8 
15:23:10: FBO PF_B8G8R8A8 depth/stencil support: D0S0 D0S1 D0S4 D0S8 D0S16 D16S0 D24S0 D32S0 Packed-D24S8 
15:23:10: FBO PF_A2R10G10B10 depth/stencil support: D0S0 D0S1 D0S4 D0S8 D0S16 D16S0 D24S0 D32S0 Packed-D24S8 
15:23:10: FBO PF_A2B10G10R10 depth/stencil support: D0S0 D0S1 D0S4 D0S8 D0S16 D16S0 D24S0 D32S0 Packed-D24S8 
15:23:10: FBO PF_FLOAT16_RGB depth/stencil support: D0S0 D0S1 D0S4 D0S8 D0S16 D16S0 D24S0 D32S0 Packed-D24S8 
15:23:10: FBO PF_FLOAT16_RGBA depth/stencil support: D0S0 D0S1 D0S4 D0S8 D0S16 D16S0 D24S0 D32S0 Packed-D24S8 
15:23:10: FBO PF_FLOAT32_RGB depth/stencil support: D0S0 D0S1 D0S4 D0S8 D0S16 D16S0 D24S0 D32S0 Packed-D24S8 
15:23:10: FBO PF_FLOAT32_RGBA depth/stencil support: D0S0 D0S1 D0S4 D0S8 D0S16 D16S0 D24S0 D32S0 Packed-D24S8 
15:23:10: FBO PF_X8R8G8B8 depth/stencil support: D0S0 D0S1 D0S4 D0S8 D0S16 D16S0 D24S0 D32S0 Packed-D24S8 
15:23:10: FBO PF_X8B8G8R8 depth/stencil support: D0S0 D0S1 D0S4 D0S8 D0S16 D16S0 D24S0 D32S0 Packed-D24S8 
15:23:10: FBO PF_SHORT_RGBA depth/stencil support: D0S0 D0S1 D0S4 D0S8 D0S16 D16S0 D24S0 D32S0 Packed-D24S8 
15:23:10: FBO PF_R3G3B2 depth/stencil support: D0S0 D0S1 D0S4 D0S8 D0S16 D16S0 D24S0 D32S0 Packed-D24S8 
15:23:10: FBO PF_SHORT_RGB depth/stencil support: D0S0 D0S1 D0S4 D0S8 D0S16 D16S0 D24S0 D32S0 Packed-D24S8 
15:23:10: [GL] : Valid FBO targets PF_UNKNOWN PF_L8 PF_A8 PF_A4L4 PF_BYTE_LA PF_R5G6B5 PF_B5G6R5 PF_A4R4G4B4 PF_A1R5G5B5 PF_R8G8B8 PF_B8G8R8 PF_A8R8G8B8 PF_B8G8R8A8 PF_A2R10G10B10 PF_A2B10G10R10 PF_FLOAT16_RGB PF_FLOAT16_RGBA PF_FLOAT32_RGB PF_FLOAT32_RGBA PF_X8R8G8B8 PF_X8B8G8R8 PF_SHORT_RGBA PF_R3G3B2 PF_SHORT_RGB 
15:23:10: RenderSystem capabilities
15:23:10: -------------------------
15:23:10: RenderSystem Name: OpenGL Rendering Subsystem
15:23:10: GPU Vendor: unknown
15:23:10: Device Name: Gallium 0.4 on AMD RS780
15:23:10: Driver Version: 2.1.0.0
15:23:10:  * Fixed function pipeline: yes
15:23:10:  * Hardware generation of mipmaps: yes
15:23:10:  * Texture blending: yes
15:23:10:  * Anisotropic texture filtering: yes
15:23:10:  * Dot product texture operation: yes
15:23:10:  * Cube mapping: yes
15:23:10:  * Hardware stencil buffer: yes
15:23:10:    - Stencil depth: 8
15:23:10:    - Two sided stencil support: yes
15:23:10:    - Wrap stencil values: yes
15:23:10:  * Hardware vertex / index buffers: yes
15:23:10:  * Vertex programs: yes
15:23:10:  * Number of floating-point constants for vertex programs: 4096
15:23:10:  * Number of integer constants for vertex programs: 0
15:23:10:  * Number of boolean constants for vertex programs: 0
15:23:10:  * Fragment programs: yes
15:23:10:  * Number of floating-point constants for fragment programs: 4096
15:23:10:  * Number of integer constants for fragment programs: 0
15:23:10:  * Number of boolean constants for fragment programs: 0
15:23:10:  * Geometry programs: no
15:23:10:  * Number of floating-point constants for geometry programs: 0
15:23:10:  * Number of integer constants for geometry programs: 0
15:23:10:  * Number of boolean constants for geometry programs: 0
15:23:10:  * Supported Shader Profiles: arbfp1 arbvp1 glsl
15:23:10:  * Texture Compression: yes
15:23:10:    - DXT: no
15:23:10:    - VTC: no
15:23:10:    - PVRTC: no
15:23:10:  * Scissor Rectangle: yes
15:23:10:  * Hardware Occlusion Query: yes
15:23:10:  * User clip planes: yes
15:23:10:  * VET_UBYTE4 vertex element type: yes
15:23:10:  * Infinite far plane projection: yes
15:23:10:  * Hardware render-to-texture: yes
15:23:10:  * Floating point textures: yes
15:23:10:  * Non-power-of-two textures: yes
15:23:10:  * Volume textures: yes
15:23:10:  * Multiple Render Targets: 8
15:23:10:    - With different bit depths: yes
15:23:10:  * Point Sprites: yes
15:23:10:  * Extended point parameters: yes
15:23:10:  * Max Point Size: 8192
15:23:10:  * Vertex texture fetch: yes
15:23:10:  * Number of world matrices: 0
15:23:10:  * Number of texture units: 16
15:23:10:  * Stencil buffer depth: 8
15:23:10:  * Number of vertex blend matrices: 0
15:23:10:    - Max vertex textures: 16
15:23:10:    - Vertex textures shared: yes
15:23:10:  * Render to Vertex Buffer : no
15:23:10:  * GL 1.5 without VBO workaround: no
15:23:10:  * Frame Buffer objects: yes
15:23:10:  * Frame Buffer objects (ARB extension): no
15:23:10:  * Frame Buffer objects (ATI extension): no
15:23:10:  * PBuffer support: yes
15:23:10:  * GL 1.5 without HW-occlusion workaround: no
15:23:10:  * Separate shader objects: no
15:23:10: DefaultWorkQueue('Root') initialising on thread 0x1b34bf0.
15:23:10: Particle Renderer Type 'billboard' registered
15:23:10: SceneManagerFactory for type 'BspSceneManager' registered.
15:23:10: Registering ResourceManager for type BspLevel
15:23:10: DefaultWorkQueue('Root')::WorkerFunc - thread 0x1d6cce0 starting.
15:23:10: DefaultWorkQueue('Root')::WorkerFunc - thread 0x1b9e090 starting.
15:23:10: SceneManagerFactory for type 'PCZSceneManager' registered.
15:23:10: MovableObjectFactory for type 'PCZLight' registered.
15:23:10: MovableObjectFactory for type 'Portal' registered.
15:23:10: MovableObjectFactory for type 'AntiPortal' registered.
15:23:10: PCZone Factory Type 'ZoneType_Octree' registered
15:23:10: SceneManagerFactory for type 'OctreeSceneManager' registered.
15:23:10: Creating resource group Bootstrap
15:23:10: Added resource location '../media/packs/SdkTrays.zip' of type 'Zip' to resource group 'Bootstrap'
15:23:10: Added resource location '../media/models' of type 'FileSystem' to resource group 'General'
15:23:10: Added resource location '../media/cube_scene' of type 'FileSystem' to resource group 'General'
15:23:10: Added resource location '../media/materials/scripts' of type 'FileSystem' to resource group 'General'
15:23:10: Added resource location '../media/materials/textures' of type 'FileSystem' to resource group 'General'
15:23:10: Added resource location '../media/packs/cubemapsJS.zip' of type 'Zip' to resource group 'General'
15:23:10: Parsing scripts for resource group Autodetect
15:23:10: Finished parsing scripts for resource group Autodetect
15:23:10: Creating resources for group Autodetect
15:23:10: All done
15:23:10: Parsing scripts for resource group Bootstrap
15:23:11: Parsing script SdkTrays.material
15:23:11: Parsing script SdkTrays.fontdef
15:23:11: Parsing script SdkTrays.overlay
15:23:11: Bad element attribute line: '# you can offset the image to change the cursor "hotspot"' for element SdkTrays/Cursor in overlay 
15:23:11: Texture: sdk_cursor.png: Loading 1 faces(PF_A8R8G8B8,32x32x1) with 5 hardware generated mipmaps from Image. Internal format is PF_A8R8G8B8,32x32x1.
15:23:11: Texture: sdk_tray.png: Loading 1 faces(PF_A8R8G8B8,64x64x1) with 5 hardware generated mipmaps from Image. Internal format is PF_A8R8G8B8,64x64x1.
15:23:11: Texture: sdk_button_up.png: Loading 1 faces(PF_A8R8G8B8,128x32x1) with 5 hardware generated mipmaps from Image. Internal format is PF_A8R8G8B8,128x32x1.
15:23:11: Texture: sdk_text_box.png: Loading 1 faces(PF_A8R8G8B8,32x32x1) with 5 hardware generated mipmaps from Image. Internal format is PF_A8R8G8B8,32x32x1.
15:23:11: Texture: sdk_mini_tray.png: Loading 1 faces(PF_A8R8G8B8,32x32x1) with 5 hardware generated mipmaps from Image. Internal format is PF_A8R8G8B8,32x32x1.
15:23:11: Texture: sdk_track.png: Loading 1 faces(PF_A8R8G8B8,16x32x1) with 5 hardware generated mipmaps from Image. Internal format is PF_A8R8G8B8,16x32x1.
15:23:11: Texture: sdk_handle.png: Loading 1 faces(PF_A8R8G8B8,16x16x1) with 4 hardware generated mipmaps from Image. Internal format is PF_A8R8G8B8,16x16x1.
15:23:11: Texture: sdk_mini_text_box.png: Loading 1 faces(PF_A8R8G8B8,32x32x1) with 5 hardware generated mipmaps from Image. Internal format is PF_A8R8G8B8,32x32x1.
15:23:11: Texture: sdk_label.png: Loading 1 faces(PF_A8R8G8B8,32x32x1) with 5 hardware generated mipmaps from Image. Internal format is PF_A8R8G8B8,32x32x1.
15:23:11: Texture: sdk_separator.png: Loading 1 faces(PF_A8R8G8B8,64x16x1) with 5 hardware generated mipmaps from Image. Internal format is PF_A8R8G8B8,64x16x1.
15:23:11: Texture: sdk_logo.png: Loading 1 faces(PF_A8R8G8B8,128x64x1) with 5 hardware generated mipmaps from Image. Internal format is PF_A8R8G8B8,128x64x1.
15:23:11: Texture: sdk_shade.png: Loading 1 faces(PF_A8R8G8B8,64x48x1) with 5 hardware generated mipmaps from Image. Internal format is PF_A8R8G8B8,64x48x1.
15:23:11: Texture: sdk_frame.png: Loading 1 faces(PF_A8R8G8B8,32x32x1) with 5 hardware generated mipmaps from Image. Internal format is PF_A8R8G8B8,32x32x1.
15:23:11: Texture: sdk_mini_text_box_over.png: Loading 1 faces(PF_A8R8G8B8,32x32x1) with 5 hardware generated mipmaps from Image. Internal format is PF_A8R8G8B8,32x32x1.
15:23:11: Texture: sdk_pulse.png: Loading 1 faces(PF_R8G8B8,8x1x1) with 3 hardware generated mipmaps from Image. Internal format is PF_X8R8G8B8,8x1x1.
15:23:11: Finished parsing scripts for resource group Bootstrap
15:23:11: Creating resources for group Bootstrap
15:23:11: All done
15:23:11: Parsing scripts for resource group General
15:23:11: Parsing script Scene.material
15:23:11: Parsing script Ogre.material
15:23:11: Parsing script Examples.material
15:23:11: Compiler error: reference to a non existing object in Examples.material(253)
15:23:11: OGRE EXCEPTION(6:FileNotFoundException): Cannot locate resource hdr.cg in resource group General or any other group. in ResourceGroupManager::openResource at /home/vk/Games/ogre3d/ogre_src_v1-8-1/OgreMain/src/OgreResourceGroupManager.cpp (line 756)
15:23:11: High-level program Examples/MorningSkyBoxHDRfp encountered an error during loading and is thus not supported.
OGRE EXCEPTION(6:FileNotFoundException): Cannot locate resource hdr.cg in resource group General or any other group. in ResourceGroupManager::openResource at /home/vk/Games/ogre3d/ogre_src_v1-8-1/OgreMain/src/OgreResourceGroupManager.cpp (line 756)
15:23:11: OGRE EXCEPTION(6:FileNotFoundException): Cannot locate resource hdr.cg in resource group General or any other group. in ResourceGroupManager::openResource at /home/vk/Games/ogre3d/ogre_src_v1-8-1/OgreMain/src/OgreResourceGroupManager.cpp (line 756)
15:23:11: High-level program Examples/MorningCubeMapHDRfp encountered an error during loading and is thus not supported.
OGRE EXCEPTION(6:FileNotFoundException): Cannot locate resource hdr.cg in resource group General or any other group. in ResourceGroupManager::openResource at /home/vk/Games/ogre3d/ogre_src_v1-8-1/OgreMain/src/OgreResourceGroupManager.cpp (line 756)
15:23:11: Compiler error: reference to a non existing object in Examples.material(772)
15:23:11: Compiler error: reference to a non existing object in Examples.material(784)
15:23:11: OGRE EXCEPTION(6:FileNotFoundException): Cannot locate resource Grass.cg in resource group General or any other group. in ResourceGroupManager::openResource at /home/vk/Games/ogre3d/ogre_src_v1-8-1/OgreMain/src/OgreResourceGroupManager.cpp (line 756)
15:23:11: High-level program Examples/GrassWaverVp encountered an error during loading and is thus not supported.
OGRE EXCEPTION(6:FileNotFoundException): Cannot locate resource Grass.cg in resource group General or any other group. in ResourceGroupManager::openResource at /home/vk/Games/ogre3d/ogre_src_v1-8-1/OgreMain/src/OgreResourceGroupManager.cpp (line 756)
15:23:11: OGRE EXCEPTION(2:InvalidParametersException): Named constants have not been initialised, perhaps a compile error. in GpuProgramParameters::_findNamedConstantDefinition at /home/vk/Games/ogre3d/ogre_src_v1-8-1/OgreMain/src/OgreGpuProgramParams.cpp (line 1441)
15:23:11: Compiler error: invalid parameters in Examples.material(835): setting of constant failed
15:23:11: OGRE EXCEPTION(2:InvalidParametersException): Named constants have not been initialised, perhaps a compile error. in GpuProgramParameters::_findNamedConstantDefinition at /home/vk/Games/ogre3d/ogre_src_v1-8-1/OgreMain/src/OgreGpuProgramParams.cpp (line 1441)
15:23:11: Compiler error: invalid parameters in Examples.material(837): setting of constant failed
15:23:11: OGRE EXCEPTION(2:InvalidParametersException): Named constants have not been initialised, perhaps a compile error. in GpuProgramParameters::_findNamedConstantDefinition at /home/vk/Games/ogre3d/ogre_src_v1-8-1/OgreMain/src/OgreGpuProgramParams.cpp (line 1441)
15:23:11: Compiler error: invalid parameters in Examples.material(839): setting of constant failed
15:23:11: OGRE EXCEPTION(2:InvalidParametersException): Named constants have not been initialised, perhaps a compile error. in GpuProgramParameters::_findNamedConstantDefinition at /home/vk/Games/ogre3d/ogre_src_v1-8-1/OgreMain/src/OgreGpuProgramParams.cpp (line 1441)
15:23:11: Compiler error: invalid parameters in Examples.material(840): setting of constant failed
15:23:11: OGRE EXCEPTION(2:InvalidParametersException): Named constants have not been initialised, perhaps a compile error. in GpuProgramParameters::_findNamedConstantDefinition at /home/vk/Games/ogre3d/ogre_src_v1-8-1/OgreMain/src/OgreGpuProgramParams.cpp (line 1441)
15:23:11: Compiler error: invalid parameters in Examples.material(841): setting of constant failed
15:23:11: OGRE EXCEPTION(2:InvalidParametersException): Named constants have not been initialised, perhaps a compile error. in GpuProgramParameters::_findNamedConstantDefinition at /home/vk/Games/ogre3d/ogre_src_v1-8-1/OgreMain/src/OgreGpuProgramParams.cpp (line 1441)
15:23:11: Compiler error: invalid parameters in Examples.material(843): setting of constant failed
15:23:11: OGRE EXCEPTION(6:FileNotFoundException): Cannot locate resource Grass.cg in resource group General or any other group. in ResourceGroupManager::openResource at /home/vk/Games/ogre3d/ogre_src_v1-8-1/OgreMain/src/OgreResourceGroupManager.cpp (line 756)
15:23:11: High-level program Examples/GrassWaverTexVp encountered an error during loading and is thus not supported.
OGRE EXCEPTION(6:FileNotFoundException): Cannot locate resource Grass.cg in resource group General or any other group. in ResourceGroupManager::openResource at /home/vk/Games/ogre3d/ogre_src_v1-8-1/OgreMain/src/OgreResourceGroupManager.cpp (line 756)
15:23:11: OGRE EXCEPTION(2:InvalidParametersException): Named constants have not been initialised, perhaps a compile error. in GpuProgramParameters::_findNamedConstantDefinition at /home/vk/Games/ogre3d/ogre_src_v1-8-1/OgreMain/src/OgreGpuProgramParams.cpp (line 1441)
15:23:11: Compiler error: invalid parameters in Examples.material(855): setting of constant failed
15:23:11: OGRE EXCEPTION(2:InvalidParametersException): Named constants have not been initialised, perhaps a compile error. in GpuProgramParameters::_findNamedConstantDefinition at /home/vk/Games/ogre3d/ogre_src_v1-8-1/OgreMain/src/OgreGpuProgramParams.cpp (line 1441)
15:23:11: Compiler error: invalid parameters in Examples.material(856): setting of constant failed
15:23:11: OGRE EXCEPTION(6:FileNotFoundException): Cannot locate resource Grass.cg in resource group General or any other group. in ResourceGroupManager::openResource at /home/vk/Games/ogre3d/ogre_src_v1-8-1/OgreMain/src/OgreResourceGroupManager.cpp (line 756)
15:23:11: High-level program Examples/GrassWaverAmbientVp encountered an error during loading and is thus not supported.
OGRE EXCEPTION(6:FileNotFoundException): Cannot locate resource Grass.cg in resource group General or any other group. in ResourceGroupManager::openResource at /home/vk/Games/ogre3d/ogre_src_v1-8-1/OgreMain/src/OgreResourceGroupManager.cpp (line 756)
15:23:11: OGRE EXCEPTION(2:InvalidParametersException): Named constants have not been initialised, perhaps a compile error. in GpuProgramParameters::_findNamedConstantDefinition at /home/vk/Games/ogre3d/ogre_src_v1-8-1/OgreMain/src/OgreGpuProgramParams.cpp (line 1441)
15:23:11: Compiler error: invalid parameters in Examples.material(867): setting of constant failed
15:23:11: OGRE EXCEPTION(2:InvalidParametersException): Named constants have not been initialised, perhaps a compile error. in GpuProgramParameters::_findNamedConstantDefinition at /home/vk/Games/ogre3d/ogre_src_v1-8-1/OgreMain/src/OgreGpuProgramParams.cpp (line 1441)
15:23:11: Compiler error: invalid parameters in Examples.material(868): setting of constant failed
15:23:11: OGRE EXCEPTION(2:InvalidParametersException): Named constants have not been initialised, perhaps a compile error. in GpuProgramParameters::_findNamedConstantDefinition at /home/vk/Games/ogre3d/ogre_src_v1-8-1/OgreMain/src/OgreGpuProgramParams.cpp (line 1441)
15:23:11: Compiler error: invalid parameters in Examples.material(869): setting of constant failed
15:23:11: OGRE EXCEPTION(6:FileNotFoundException): Cannot locate resource Grass.cg in resource group General or any other group. in ResourceGroupManager::openResource at /home/vk/Games/ogre3d/ogre_src_v1-8-1/OgreMain/src/OgreResourceGroupManager.cpp (line 756)
15:23:11: High-level program Examples/GrassWaverAmbientFp encountered an error during loading and is thus not supported.
OGRE EXCEPTION(6:FileNotFoundException): Cannot locate resource Grass.cg in resource group General or any other group. in ResourceGroupManager::openResource at /home/vk/Games/ogre3d/ogre_src_v1-8-1/OgreMain/src/OgreResourceGroupManager.cpp (line 756)
15:23:11: OGRE EXCEPTION(6:FileNotFoundException): Cannot locate resource Grass.cg in resource group General or any other group. in ResourceGroupManager::openResource at /home/vk/Games/ogre3d/ogre_src_v1-8-1/OgreMain/src/OgreResourceGroupManager.cpp (line 756)
15:23:11: High-level program Examples/GrassWaverFp encountered an error during loading and is thus not supported.
OGRE EXCEPTION(6:FileNotFoundException): Cannot locate resource Grass.cg in resource group General or any other group. in ResourceGroupManager::openResource at /home/vk/Games/ogre3d/ogre_src_v1-8-1/OgreMain/src/OgreResourceGroupManager.cpp (line 756)
15:23:11: OGRE EXCEPTION(6:FileNotFoundException): Cannot locate resource Grass.cg in resource group General or any other group. in ResourceGroupManager::openResource at /home/vk/Games/ogre3d/ogre_src_v1-8-1/OgreMain/src/OgreResourceGroupManager.cpp (line 756)
15:23:11: High-level program Examples/GrassWaverCasterVp encountered an error during loading and is thus not supported.
OGRE EXCEPTION(6:FileNotFoundException): Cannot locate resource Grass.cg in resource group General or any other group. in ResourceGroupManager::openResource at /home/vk/Games/ogre3d/ogre_src_v1-8-1/OgreMain/src/OgreResourceGroupManager.cpp (line 756)
15:23:11: OGRE EXCEPTION(2:InvalidParametersException): Named constants have not been initialised, perhaps a compile error. in GpuProgramParameters::_findNamedConstantDefinition at /home/vk/Games/ogre3d/ogre_src_v1-8-1/OgreMain/src/OgreGpuProgramParams.cpp (line 1441)
15:23:11: Compiler error: invalid parameters in Examples.material(899): setting of constant failed
15:23:11: OGRE EXCEPTION(2:InvalidParametersException): Named constants have not been initialised, perhaps a compile error. in GpuProgramParameters::_findNamedConstantDefinition at /home/vk/Games/ogre3d/ogre_src_v1-8-1/OgreMain/src/OgreGpuProgramParams.cpp (line 1441)
15:23:11: Compiler error: invalid parameters in Examples.material(900): setting of constant failed
15:23:11: OGRE EXCEPTION(2:InvalidParametersException): Named constants have not been initialised, perhaps a compile error. in GpuProgramParameters::_findNamedConstantDefinition at /home/vk/Games/ogre3d/ogre_src_v1-8-1/OgreMain/src/OgreGpuProgramParams.cpp (line 1441)
15:23:11: Compiler error: invalid parameters in Examples.material(901): setting of constant failed
15:23:11: OGRE EXCEPTION(6:FileNotFoundException): Cannot locate resource Grass.cg in resource group General or any other group. in ResourceGroupManager::openResource at /home/vk/Games/ogre3d/ogre_src_v1-8-1/OgreMain/src/OgreResourceGroupManager.cpp (line 756)
15:23:11: High-level program Examples/GrassWaverCasterFp encountered an error during loading and is thus not supported.
OGRE EXCEPTION(6:FileNotFoundException): Cannot locate resource Grass.cg in resource group General or any other group. in ResourceGroupManager::openResource at /home/vk/Games/ogre3d/ogre_src_v1-8-1/OgreMain/src/OgreResourceGroupManager.cpp (line 756)
15:23:11: OGRE EXCEPTION(6:FileNotFoundException): Cannot locate resource Grass.cg in resource group General or any other group. in ResourceGroupManager::openResource at /home/vk/Games/ogre3d/ogre_src_v1-8-1/OgreMain/src/OgreResourceGroupManager.cpp (line 756)
15:23:11: High-level program Examples/GrassWaverReceiverVp encountered an error during loading and is thus not supported.
OGRE EXCEPTION(6:FileNotFoundException): Cannot locate resource Grass.cg in resource group General or any other group. in ResourceGroupManager::openResource at /home/vk/Games/ogre3d/ogre_src_v1-8-1/OgreMain/src/OgreResourceGroupManager.cpp (line 756)
15:23:11: OGRE EXCEPTION(2:InvalidParametersException): Named constants have not been initialised, perhaps a compile error. in GpuProgramParameters::_findNamedConstantDefinition at /home/vk/Games/ogre3d/ogre_src_v1-8-1/OgreMain/src/OgreGpuProgramParams.cpp (line 1441)
15:23:11: Compiler error: invalid parameters in Examples.material(922): setting of constant failed
15:23:11: OGRE EXCEPTION(2:InvalidParametersException): Named constants have not been initialised, perhaps a compile error. in GpuProgramParameters::_findNamedConstantDefinition at /home/vk/Games/ogre3d/ogre_src_v1-8-1/OgreMain/src/OgreGpuProgramParams.cpp (line 1441)
15:23:11: Compiler error: invalid parameters in Examples.material(923): setting of constant failed
15:23:11: OGRE EXCEPTION(2:InvalidParametersException): Named constants have not been initialised, perhaps a compile error. in GpuProgramParameters::_findNamedConstantDefinition at /home/vk/Games/ogre3d/ogre_src_v1-8-1/OgreMain/src/OgreGpuProgramParams.cpp (line 1441)
15:23:11: Compiler error: invalid parameters in Examples.material(924): setting of constant failed
15:23:11: OGRE EXCEPTION(2:InvalidParametersException): Named constants have not been initialised, perhaps a compile error. in GpuProgramParameters::_findNamedConstantDefinition at /home/vk/Games/ogre3d/ogre_src_v1-8-1/OgreMain/src/OgreGpuProgramParams.cpp (line 1441)
15:23:11: Compiler error: invalid parameters in Examples.material(926): setting of constant failed
15:23:11: OGRE EXCEPTION(2:InvalidParametersException): Named constants have not been initialised, perhaps a compile error. in GpuProgramParameters::_findNamedConstantDefinition at /home/vk/Games/ogre3d/ogre_src_v1-8-1/OgreMain/src/OgreGpuProgramParams.cpp (line 1441)
15:23:11: Compiler error: invalid parameters in Examples.material(928): setting of constant failed
15:23:11: OGRE EXCEPTION(2:InvalidParametersException): Named constants have not been initialised, perhaps a compile error. in GpuProgramParameters::_findNamedConstantDefinition at /home/vk/Games/ogre3d/ogre_src_v1-8-1/OgreMain/src/OgreGpuProgramParams.cpp (line 1441)
15:23:11: Compiler error: invalid parameters in Examples.material(929): setting of constant failed
15:23:11: OGRE EXCEPTION(2:InvalidParametersException): Named constants have not been initialised, perhaps a compile error. in GpuProgramParameters::_findNamedConstantDefinition at /home/vk/Games/ogre3d/ogre_src_v1-8-1/OgreMain/src/OgreGpuProgramParams.cpp (line 1441)
15:23:11: Compiler error: invalid parameters in Examples.material(931): setting of constant failed
15:23:11: OGRE EXCEPTION(6:FileNotFoundException): Cannot locate resource Grass.cg in resource group General or any other group. in ResourceGroupManager::openResource at /home/vk/Games/ogre3d/ogre_src_v1-8-1/OgreMain/src/OgreResourceGroupManager.cpp (line 756)
15:23:11: High-level program Examples/GrassWaverReceiverFp encountered an error during loading and is thus not supported.
OGRE EXCEPTION(6:FileNotFoundException): Cannot locate resource Grass.cg in resource group General or any other group. in ResourceGroupManager::openResource at /home/vk/Games/ogre3d/ogre_src_v1-8-1/OgreMain/src/OgreResourceGroupManager.cpp (line 756)
15:23:11: OGRE EXCEPTION(2:InvalidParametersException): Named constants have not been initialised, perhaps a compile error. in GpuProgramParameters::_findNamedConstantDefinition at /home/vk/Games/ogre3d/ogre_src_v1-8-1/OgreMain/src/OgreGpuProgramParams.cpp (line 1441)
15:23:11: Compiler error: invalid parameters in Examples.material(945): setting of constant failed
15:23:11: OGRE EXCEPTION(2:InvalidParametersException): Named constants have not been initialised, perhaps a compile error. in GpuProgramParameters::_findNamedConstantDefinition at /home/vk/Games/ogre3d/ogre_src_v1-8-1/OgreMain/src/OgreGpuProgramParams.cpp (line 1441)
15:23:11: Compiler error: invalid parameters in Examples.material(946): setting of constant failed
15:23:11: OGRE EXCEPTION(2:InvalidParametersException): Named constants have not been initialised, perhaps a compile error. in GpuProgramParameters::_findNamedConstantDefinition at /home/vk/Games/ogre3d/ogre_src_v1-8-1/OgreMain/src/OgreGpuProgramParams.cpp (line 1441)
15:23:11: Compiler error: invalid parameters in Examples.material(947): setting of constant failed
15:23:11: Compiler error: reference to a non existing object in Examples.material(1281)
15:23:11: Compiler error: reference to a non existing object in Examples.material(1473)
15:23:11: Compiler error: reference to a non existing object in Examples.material(1508)
15:23:11: Compiler error: reference to a non existing object in Examples.material(1617)
15:23:11: Compiler error: reference to a non existing object in Examples.material(1622)
15:23:11: OGRE EXCEPTION(6:FileNotFoundException): Cannot locate resource Example_Basic.cg in resource group General or any other group. in ResourceGroupManager::openResource at /home/vk/Games/ogre3d/ogre_src_v1-8-1/OgreMain/src/OgreResourceGroupManager.cpp (line 756)
15:23:11: High-level program Examples/ShowTangents_v encountered an error during loading and is thus not supported.
OGRE EXCEPTION(6:FileNotFoundException): Cannot locate resource Example_Basic.cg in resource group General or any other group. in ResourceGroupManager::openResource at /home/vk/Games/ogre3d/ogre_src_v1-8-1/OgreMain/src/OgreResourceGroupManager.cpp (line 756)
15:23:11: OGRE EXCEPTION(2:InvalidParametersException): Named constants have not been initialised, perhaps a compile error. in GpuProgramParameters::_findNamedConstantDefinition at /home/vk/Games/ogre3d/ogre_src_v1-8-1/OgreMain/src/OgreGpuProgramParams.cpp (line 1441)
15:23:11: Compiler error: invalid parameters in Examples.material(1696): setting of constant failed
15:23:11: OGRE EXCEPTION(6:FileNotFoundException): Cannot locate resource Example_Basic.cg in resource group General or any other group. in ResourceGroupManager::openResource at /home/vk/Games/ogre3d/ogre_src_v1-8-1/OgreMain/src/OgreResourceGroupManager.cpp (line 756)
15:23:11: High-level program Examples/ShowNormals_v encountered an error during loading and is thus not supported.
OGRE EXCEPTION(6:FileNotFoundException): Cannot locate resource Example_Basic.cg in resource group General or any other group. in ResourceGroupManager::openResource at /home/vk/Games/ogre3d/ogre_src_v1-8-1/OgreMain/src/OgreResourceGroupManager.cpp (line 756)
15:23:11: OGRE EXCEPTION(2:InvalidParametersException): Named constants have not been initialised, perhaps a compile error. in GpuProgramParameters::_findNamedConstantDefinition at /home/vk/Games/ogre3d/ogre_src_v1-8-1/OgreMain/src/OgreGpuProgramParams.cpp (line 1441)
15:23:11: Compiler error: invalid parameters in Examples.material(1706): setting of constant failed
15:23:11: Compiler error: reference to a non existing object in Examples.material(1716)
15:23:11: OGRE EXCEPTION(6:FileNotFoundException): Cannot locate resource Example_Basic.cg in resource group General or any other group. in ResourceGroupManager::openResource at /home/vk/Games/ogre3d/ogre_src_v1-8-1/OgreMain/src/OgreResourceGroupManager.cpp (line 756)
15:23:11: High-level program Examples/ShowUV_p encountered an error during loading and is thus not supported.
OGRE EXCEPTION(6:FileNotFoundException): Cannot locate resource Example_Basic.cg in resource group General or any other group. in ResourceGroupManager::openResource at /home/vk/Games/ogre3d/ogre_src_v1-8-1/OgreMain/src/OgreResourceGroupManager.cpp (line 756)
15:23:11: OGRE EXCEPTION(6:FileNotFoundException): Cannot locate resource Example_Basic.cg in resource group General or any other group. in ResourceGroupManager::openResource at /home/vk/Games/ogre3d/ogre_src_v1-8-1/OgreMain/src/OgreResourceGroupManager.cpp (line 756)
15:23:11: High-level program Examples/ShowUVdir3D encountered an error during loading and is thus not supported.
OGRE EXCEPTION(6:FileNotFoundException): Cannot locate resource Example_Basic.cg in resource group General or any other group. in ResourceGroupManager::openResource at /home/vk/Games/ogre3d/ogre_src_v1-8-1/OgreMain/src/OgreResourceGroupManager.cpp (line 756)
15:23:11: Finished parsing scripts for resource group General
15:23:11: Creating resources for group General
15:23:11: All done
15:23:11: Parsing scripts for resource group Internal
15:23:11: Finished parsing scripts for resource group Internal
15:23:11: Creating resources for group Internal
15:23:11: All done
15:23:11: Demo initialized!
15:23:11: Entering MenuState...
15:23:11: Font SdkTrays/Caption using texture size 512x256
15:23:11: Info: Freetype returned null for character 160 in font SdkTrays/Caption
15:23:11: Texture: SdkTrays/CaptionTexture: Loading 1 faces(PF_BYTE_LA,512x256x1) Internal format is PF_BYTE_LA,512x256x1.
15:23:11: Font SdkTrays/Value using texture size 512x256
15:23:11: Info: Freetype returned null for character 127 in font SdkTrays/Value
15:23:11: Info: Freetype returned null for character 128 in font SdkTrays/Value
15:23:11: Info: Freetype returned null for character 129 in font SdkTrays/Value
15:23:11: Info: Freetype returned null for character 130 in font SdkTrays/Value
15:23:11: Info: Freetype returned null for character 131 in font SdkTrays/Value
15:23:11: Info: Freetype returned null for character 132 in font SdkTrays/Value
15:23:11: Info: Freetype returned null for character 133 in font SdkTrays/Value
15:23:11: Info: Freetype returned null for character 134 in font SdkTrays/Value
15:23:11: Info: Freetype returned null for character 135 in font SdkTrays/Value
15:23:11: Info: Freetype returned null for character 136 in font SdkTrays/Value
15:23:11: Info: Freetype returned null for character 137 in font SdkTrays/Value
15:23:11: Info: Freetype returned null for character 138 in font SdkTrays/Value
15:23:11: Info: Freetype returned null for character 139 in font SdkTrays/Value
15:23:11: Info: Freetype returned null for character 140 in font SdkTrays/Value
15:23:11: Info: Freetype returned null for character 141 in font SdkTrays/Value
15:23:11: Info: Freetype returned null for character 142 in font SdkTrays/Value
15:23:11: Info: Freetype returned null for character 143 in font SdkTrays/Value
15:23:11: Info: Freetype returned null for character 144 in font SdkTrays/Value
15:23:11: Info: Freetype returned null for character 145 in font SdkTrays/Value
15:23:11: Info: Freetype returned null for character 146 in font SdkTrays/Value
15:23:11: Info: Freetype returned null for character 147 in font SdkTrays/Value
15:23:11: Info: Freetype returned null for character 148 in font SdkTrays/Value
15:23:11: Info: Freetype returned null for character 149 in font SdkTrays/Value
15:23:11: Info: Freetype returned null for character 150 in font SdkTrays/Value
15:23:11: Info: Freetype returned null for character 151 in font SdkTrays/Value
15:23:11: Info: Freetype returned null for character 152 in font SdkTrays/Value
15:23:11: Info: Freetype returned null for character 153 in font SdkTrays/Value
15:23:11: Info: Freetype returned null for character 154 in font SdkTrays/Value
15:23:11: Info: Freetype returned null for character 155 in font SdkTrays/Value
15:23:11: Info: Freetype returned null for character 156 in font SdkTrays/Value
15:23:11: Info: Freetype returned null for character 157 in font SdkTrays/Value
15:23:11: Info: Freetype returned null for character 158 in font SdkTrays/Value
15:23:11: Info: Freetype returned null for character 159 in font SdkTrays/Value
15:23:11: Info: Freetype returned null for character 160 in font SdkTrays/Value
15:23:11: Texture: SdkTrays/ValueTexture: Loading 1 faces(PF_BYTE_LA,512x256x1) Internal format is PF_BYTE_LA,512x256x1.
15:23:13: Texture: sdk_button_over.png: Loading 1 faces(PF_A8R8G8B8,128x32x1) with 5 hardware generated mipmaps from Image. Internal format is PF_A8R8G8B8,128x32x1.
15:23:13: Texture: sdk_button_down.png: Loading 1 faces(PF_A8R8G8B8,128x32x1) with 5 hardware generated mipmaps from Image. Internal format is PF_A8R8G8B8,128x32x1.
15:23:13: Leaving MenuState...
15:23:13: Entering GameState...
15:23:13: [DotSceneLoader] Parsing dotScene file with version 1.0.0
15:23:13: Mesh: Loading Cube01.mesh.
15:23:13: WARNING: Cube01.mesh is an older format ([MeshSerializer_v1.41]); you should upgrade it as soon as possible using the OgreMeshUpgrade tool.
15:23:13: Texture: dirt.jpg: Loading 1 faces(PF_R8G8B8,96x96x1) with 5 hardware generated mipmaps from Image. Internal format is PF_X8R8G8B8,96x96x1.
15:23:13: Mesh: Loading Cube03.mesh.
15:23:13: WARNING: Cube03.mesh is an older format ([MeshSerializer_v1.41]); you should upgrade it as soon as possible using the OgreMeshUpgrade tool.
15:23:13: Texture: steel.jpg: Loading 1 faces(PF_R8G8B8,256x256x1) with 5 hardware generated mipmaps from Image. Internal format is PF_X8R8G8B8,256x256x1.
15:23:13: Mesh: Loading Cube02.mesh.
15:23:13: WARNING: Cube02.mesh is an older format ([MeshSerializer_v1.41]); you should upgrade it as soon as possible using the OgreMeshUpgrade tool.
15:23:13: Texture: chrome.jpg: Loading 1 faces(PF_L8,256x256x1) with 5 hardware generated mipmaps from Image. Internal format is PF_L8,256x256x1.
15:23:13: Mesh: Loading ogrehead.mesh.
15:23:13: WARNING: ogrehead.mesh is an older format ([MeshSerializer_v1.41]); you should upgrade it as soon as possible using the OgreMeshUpgrade tool.
15:23:13: Texture: GreenSkin.jpg: Loading 1 faces(PF_R8G8B8,256x256x1) with 5 hardware generated mipmaps from Image. Internal format is PF_X8R8G8B8,256x256x1.
15:23:13: Texture: spheremap.png: Loading 1 faces(PF_R8G8B8,256x256x1) with 5 hardware generated mipmaps from Image. Internal format is PF_X8R8G8B8,256x256x1.
15:23:13: Texture: tusk.jpg: Loading 1 faces(PF_R8G8B8,96x96x1) with 5 hardware generated mipmaps from Image. Internal format is PF_X8R8G8B8,96x96x1.
15:23:16: MovableName: OgreHeadEntity
15:23:16: ObjName OgreHeadNode
15:24:13: Pausing GameState...
15:24:13: Entering PauseState...
15:24:17: Leaving PauseState...
15:24:17: Resuming GameState...
15:24:18: Pausing GameState...
15:24:18: Entering PauseState...
15:24:19: Leaving PauseState...
15:24:19: Resuming GameState...
15:24:19: Pausing GameState...
15:24:19: Entering PauseState...
15:24:20: Leaving PauseState...
15:24:20: Resuming GameState...
15:24:20: Pausing GameState...
15:24:20: Entering PauseState...
15:24:20: Leaving PauseState...
15:24:20: Resuming GameState...
15:24:21: Pausing GameState...
15:24:21: Entering PauseState...
15:24:22: Leaving PauseState...
15:24:22: Leaving GameState...
15:24:22: Entering MenuState...
15:24:23: Leaving MenuState...
15:24:23: Entering GameState...
15:24:23: [DotSceneLoader] Parsing dotScene file with version 1.0.0
15:24:29: Pausing GameState...
15:24:29: Entering PauseState...
15:24:35: Main loop quit
15:24:35: Leaving PauseState...
15:24:35: Leaving GameState...
15:24:35: Shutdown OGRE...
15:24:35: DefaultWorkQueue('Root') shutting down on thread 0x1b34bf0.
15:24:35: DefaultWorkQueue('Root')::WorkerFunc - thread 0x1d6cce0 stopped.
15:24:35: DefaultWorkQueue('Root')::WorkerFunc - thread 0x1b9e090 stopped.
15:24:35: PCZone Factory Type 'ZoneType_Octree' unregistered
15:24:35: Unregistering ResourceManager for type BspLevel
15:24:35: *-*-* OGRE Shutdown
15:24:35: Unregistering ResourceManager for type Compositor
15:24:35: Unregistering ResourceManager for type Font
15:24:35: Unregistering ResourceManager for type Skeleton
15:24:35: Unregistering ResourceManager for type Mesh
15:24:35: Unregistering ResourceManager for type HighLevelGpuProgram
15:24:35: Uninstalling plugin: Octree Scene Manager
15:24:35: Plugin successfully uninstalled
15:24:35: Unloading library /usr/local/lib/OGRE/Plugin_OctreeSceneManager
15:24:35: Uninstalling plugin: Octree Zone Factory
15:24:35: Plugin successfully uninstalled
15:24:35: Unloading library /usr/local/lib/OGRE/Plugin_OctreeZone
15:24:35: Uninstalling plugin: Portal Connected Zone Scene Manager
15:24:35: Plugin successfully uninstalled
15:24:35: Unloading library /usr/local/lib/OGRE/Plugin_PCZSceneManager
15:24:35: Uninstalling plugin: Cg Program Manager
15:24:35: Plugin successfully uninstalled
15:24:35: Unloading library /usr/local/lib/OGRE/Plugin_CgProgramManager
15:24:35: Uninstalling plugin: BSP Scene Manager
15:24:35: Plugin successfully uninstalled
15:24:35: Unloading library /usr/local/lib/OGRE/Plugin_BSPSceneManager
15:24:35: Uninstalling plugin: ParticleFX
15:24:35: Plugin successfully uninstalled
15:24:35: Unloading library /usr/local/lib/OGRE/Plugin_ParticleFX
15:24:35: Uninstalling plugin: GL RenderSystem
15:24:35: Unregistering ResourceManager for type GpuProgram
15:24:35: ******************************
*** Stopping GLX Subsystem ***
******************************
15:24:35: Unregistering ResourceManager for type Texture
15:24:35: Plugin successfully uninstalled
15:24:35: Unloading library /usr/local/lib/OGRE/RenderSystem_GL
15:24:35: Unregistering ResourceManager for type Material
